<?xml version="1.0" encoding="UTF-8"?>
<testng-results ignored="0" total="1" passed="1" failed="0" skipped="0">
  <reporter-output>
  </reporter-output>
  <suite started-at="2023-05-18T00:33:14 GMT-05:00" name="Suite1" finished-at="2023-05-18T00:33:22 GMT-05:00" duration-ms="8187">
    <groups>
    </groups>
    <test started-at="2023-05-18T00:33:14 GMT-05:00" name="Regression1" finished-at="2023-05-18T00:33:22 GMT-05:00" duration-ms="8187">
      <class name="testNGProj.testNGClass">
        <test-method is-config="true" signature="beforeMethod()[pri:0, instance:testNGProj.testNGClass@342c38f8]" started-at="2023-05-18T00:33:14 GMT-05:00" name="beforeMethod" finished-at="2023-05-18T00:33:14 GMT-05:00" duration-ms="4" status="PASS">
          <reporter-output>
          </reporter-output>
        </test-method> <!-- beforeMethod -->
        <test-method signature="task1Test()[pri:0, instance:testNGProj.testNGClass@342c38f8]" started-at="2023-05-18T00:33:14 GMT-05:00" name="task1Test" finished-at="2023-05-18T00:33:22 GMT-05:00" duration-ms="8013" status="PASS">
          <reporter-output>
          </reporter-output>
        </test-method> <!-- task1Test -->
        <test-method is-config="true" signature="afterMethod()[pri:0, instance:testNGProj.testNGClass@342c38f8]" started-at="2023-05-18T00:33:22 GMT-05:00" name="afterMethod" finished-at="2023-05-18T00:33:22 GMT-05:00" duration-ms="130" status="PASS">
          <reporter-output>
          </reporter-output>
        </test-method> <!-- afterMethod -->
      </class> <!-- testNGProj.testNGClass -->
    </test> <!-- Regression1 -->
  </suite> <!-- Suite1 -->
</testng-results>
